GALLERY TRANSFORM LOG
Date: 2026-04-10T10:21:31.765Z
Total albums: 15
Total files:  338

Albums written:
  [1] Developmentprojects (12 images) → src/data/gallery/developmentprojects.json
  [2] GunekuRoyalCommunityLibrary (12 images) → src/data/gallery/guneku-royal-community-library.json
  [3] PrinceFomukiTibahsBornhouseinimages (22 images) → src/data/gallery/prince-fomuki-tibahs-bornhouseinimages.json
  [4] RevisitingtheinstallationoftheGunekuTraditionalCouncil,FridayJuly302021 (42 images) → src/data/gallery/revisitingtheinstallationofthe-guneku-traditional-council-friday-july302021.json
  [5] THETONMUKOM-WINDIKROADWORK (38 images) → src/data/gallery/thetonmukom-windikroadwork.json
  [6] MchibeMtaEventGuneku2023 (39 images) → src/data/gallery/mchibe-mta-event-guneku2023.json
  [7] ThelegendaryFundraisingwhitepartynightatGunekuPalace (17 images) → src/data/gallery/thelegendary-fundraisingwhitepartynightat-guneku-palace.json
  [8] TheReturnofFonFomuki (41 images) → src/data/gallery/the-returnof-fon-fomuki.json
  [9] TheCoronationofHRHFonFomukiWalters (29 images) → src/data/gallery/the-coronationof-hrhfon-fomuki-walters.json
  [10] receptioneventforHRHFonFomukiinEssenGermany (10 images) → src/data/gallery/receptioneventfor-hrhfon-fomukiin-essen-germany.json
  [11] MukongeDanceGroupsinMeta (6 images) → src/data/gallery/mukonge-dance-groupsin-meta.json
  [12] GunekuFamilyMeetingInFrankfurtGermany (26 images) → src/data/gallery/guneku-family-meeting-in-frankfurt-germany.json
  [13] GUDECAannualgeneralmeeting26december2015 (5 images) → src/data/gallery/gudecaannualgeneralmeeting26december2015.json
  [14] GUDECAWORLDWIDE (11 images) → src/data/gallery/gudecaworldwide.json
  [15] Gudeca-USA (28 images) → src/data/gallery/gudeca-usa.json
